<?xml version="1.0" encoding="UTF-8"?>
<!-- Generated by org.testng.reporters.JUnitXMLReporter -->
<testsuite ignored="0" hostname="Siri" failures="0" tests="4" name="Default test" time="51.328" errors="0" timestamp="2024-11-05T18:58:46 IST">
  <testcase classname="rahulshettyacademy.Tests.CopyofStandalonetest2" name="SubmitOrder" time="16.034"/>
  <testcase classname="rahulshettyacademy.Tests.CopyofStandalonetest2" name="SubmitOrder" time="15.793"/>
  <testcase classname="rahulshettyacademy.Tests.CopyofStandalonetest2" name="ordersHistorypage" time="2.225"/>
  <testcase classname="rahulshettyacademy.Tests.CopyofStandalonetest2" name="ordersHistorypage" time="2.243"/>
</testsuite> <!-- Default test -->
