<?xml version="1.0" encoding="UTF-8"?>
<testng-results ignored="0" total="4" passed="4" failed="0" skipped="0">
  <reporter-output>
  </reporter-output>
  <suite started-at="2024-11-05T18:57:55 IST" name="Default suite" finished-at="2024-11-05T18:58:46 IST" duration-ms="51328">
    <groups>
      <group name="multiplelogs">
        <method signature="CopyofStandalonetest2.SubmitOrder(java.util.HashMap)[pri:0, instance:rahulshettyacademy.Tests.CopyofStandalonetest2@2898ac89]" name="SubmitOrder" class="rahulshettyacademy.Tests.CopyofStandalonetest2"/>
      </group> <!-- multiplelogs -->
    </groups>
    <test started-at="2024-11-05T18:57:55 IST" name="Default test" finished-at="2024-11-05T18:58:46 IST" duration-ms="51328">
      <class name="rahulshettyacademy.Tests.CopyofStandalonetest2">
        <test-method is-config="true" signature="launchApplication()[pri:0, instance:rahulshettyacademy.Tests.CopyofStandalonetest2@2898ac89]" started-at="2024-11-05T18:57:55 IST" name="launchApplication" finished-at="2024-11-05T18:58:01 IST" duration-ms="5345" status="PASS">
          <reporter-output>
          </reporter-output>
        </test-method> <!-- launchApplication -->
        <test-method signature="SubmitOrder(java.util.HashMap)[pri:0, instance:rahulshettyacademy.Tests.CopyofStandalonetest2@2898ac89]" started-at="2024-11-05T18:58:01 IST" name="SubmitOrder" data-provider="getData" finished-at="2024-11-05T18:58:17 IST" duration-ms="16034" status="PASS">
          <params>
            <param index="0">
              <value>
                <![CDATA[{countryname=ind, prodname=ZARA COAT 3, pwd=SRIja@123, email=sreejasria83@gmail.com}]]>
              </value>
            </param>
          </params>
          <reporter-output>
          </reporter-output>
        </test-method> <!-- SubmitOrder -->
        <test-method is-config="true" signature="close()[pri:0, instance:rahulshettyacademy.Tests.CopyofStandalonetest2@2898ac89]" started-at="2024-11-05T18:58:17 IST" name="close" finished-at="2024-11-05T18:58:17 IST" duration-ms="257" status="PASS">
          <reporter-output>
          </reporter-output>
        </test-method> <!-- close -->
        <test-method is-config="true" signature="launchApplication()[pri:0, instance:rahulshettyacademy.Tests.CopyofStandalonetest2@2898ac89]" started-at="2024-11-05T18:58:17 IST" name="launchApplication" finished-at="2024-11-05T18:58:19 IST" duration-ms="2297" status="PASS">
          <reporter-output>
          </reporter-output>
        </test-method> <!-- launchApplication -->
        <test-method signature="SubmitOrder(java.util.HashMap)[pri:0, instance:rahulshettyacademy.Tests.CopyofStandalonetest2@2898ac89]" started-at="2024-11-05T18:58:19 IST" name="SubmitOrder" data-provider="getData" finished-at="2024-11-05T18:58:35 IST" duration-ms="15793" status="PASS">
          <params>
            <param index="0">
              <value>
                <![CDATA[{countryname=ind, prodname=ZARA COAT 3, pwd=SRIja@123, email=rathna@gmail.com}]]>
              </value>
            </param>
          </params>
          <reporter-output>
          </reporter-output>
        </test-method> <!-- SubmitOrder -->
        <test-method is-config="true" signature="close()[pri:0, instance:rahulshettyacademy.Tests.CopyofStandalonetest2@2898ac89]" started-at="2024-11-05T18:58:35 IST" name="close" finished-at="2024-11-05T18:58:35 IST" duration-ms="245" status="PASS">
          <reporter-output>
          </reporter-output>
        </test-method> <!-- close -->
        <test-method is-config="true" signature="launchApplication()[pri:0, instance:rahulshettyacademy.Tests.CopyofStandalonetest2@2898ac89]" started-at="2024-11-05T18:58:36 IST" name="launchApplication" finished-at="2024-11-05T18:58:39 IST" duration-ms="3073" status="PASS">
          <reporter-output>
          </reporter-output>
        </test-method> <!-- launchApplication -->
        <test-method signature="ordersHistorypage(java.util.HashMap)[pri:0, instance:rahulshettyacademy.Tests.CopyofStandalonetest2@2898ac89]" started-at="2024-11-05T18:58:39 IST" name="ordersHistorypage" data-provider="getData" finished-at="2024-11-05T18:58:41 IST" depends-on-methods="rahulshettyacademy.Tests.CopyofStandalonetest2.SubmitOrder" duration-ms="2225" status="PASS">
          <params>
            <param index="0">
              <value>
                <![CDATA[{countryname=ind, prodname=ZARA COAT 3, pwd=SRIja@123, email=sreejasria83@gmail.com}]]>
              </value>
            </param>
          </params>
          <reporter-output>
          </reporter-output>
        </test-method> <!-- ordersHistorypage -->
        <test-method is-config="true" signature="close()[pri:0, instance:rahulshettyacademy.Tests.CopyofStandalonetest2@2898ac89]" started-at="2024-11-05T18:58:41 IST" name="close" finished-at="2024-11-05T18:58:41 IST" duration-ms="175" status="PASS">
          <reporter-output>
          </reporter-output>
        </test-method> <!-- close -->
        <test-method is-config="true" signature="launchApplication()[pri:0, instance:rahulshettyacademy.Tests.CopyofStandalonetest2@2898ac89]" started-at="2024-11-05T18:58:41 IST" name="launchApplication" finished-at="2024-11-05T18:58:42 IST" duration-ms="1514" status="PASS">
          <reporter-output>
          </reporter-output>
        </test-method> <!-- launchApplication -->
        <test-method signature="ordersHistorypage(java.util.HashMap)[pri:0, instance:rahulshettyacademy.Tests.CopyofStandalonetest2@2898ac89]" started-at="2024-11-05T18:58:42 IST" name="ordersHistorypage" data-provider="getData" finished-at="2024-11-05T18:58:45 IST" depends-on-methods="rahulshettyacademy.Tests.CopyofStandalonetest2.SubmitOrder" duration-ms="2243" status="PASS">
          <params>
            <param index="0">
              <value>
                <![CDATA[{countryname=ind, prodname=ZARA COAT 3, pwd=SRIja@123, email=rathna@gmail.com}]]>
              </value>
            </param>
          </params>
          <reporter-output>
          </reporter-output>
        </test-method> <!-- ordersHistorypage -->
        <test-method is-config="true" signature="close()[pri:0, instance:rahulshettyacademy.Tests.CopyofStandalonetest2@2898ac89]" started-at="2024-11-05T18:58:45 IST" name="close" finished-at="2024-11-05T18:58:46 IST" duration-ms="1710" status="PASS">
          <reporter-output>
          </reporter-output>
        </test-method> <!-- close -->
      </class> <!-- rahulshettyacademy.Tests.CopyofStandalonetest2 -->
    </test> <!-- Default test -->
  </suite> <!-- Default suite -->
</testng-results>
